# JRE version: Java(TM) SE Runtime Environment (8.0_202-b08) (build 1.8.0_202-b08)
# Java VM: Java HotSpot(TM) 64-Bit Server VM (25.202-b08 mixed mode windows-amd64 compressed oops)
Heap:
 PSYoungGen      total 15872K, used 10647K [0x00000000d6a00000, 0x00000000d8000000, 0x0000000100000000)
  eden space 10240K, 49% used [0x00000000d6a00000,0x00000000d6ee9970,0x00000000d7400000)
  from space 5632K, 99% used [0x00000000d7a80000,0x00000000d7ffc438,0x00000000d8000000)
  to   space 4608K, 0% used [0x00000000d7400000,0x00000000d7400000,0x00000000d7880000)
 ParOldGen       total 10752K, used 5421K [0x0000000083e00000, 0x0000000084880000, 0x00000000d6a00000)
  object space 10752K, 50% used [0x0000000083e00000,0x000000008434b5f8,0x0000000084880000)
 Metaspace       used 8098K, capacity 8852K, committed 8960K, reserved 1056768K
  class space    used 955K, capacity 976K, committed 1024K, reserved 1048576K
GC Heap History (10 events):
Event: 0.394 GC heap before
{Heap before GC invocations=5 (full 0):
 PSYoungGen      total 6656K, used 6624K [0x00000000d6a00000, 0x00000000d7100000, 0x0000000100000000)
  eden space 6144K, 100% used [0x00000000d6a00000,0x00000000d7000000,0x00000000d7000000)
  from space 512K, 93% used [0x00000000d7080000,0x00000000d70f8020,0x00000000d7100000)
  to   space 512K, 0% used [0x00000000d7000000,0x00000000d7000000,0x00000000d7080000)
 ParOldGen       total 5632K, used 932K [0x0000000083e00000, 0x0000000084380000, 0x00000000d6a00000)
  object space 5632K, 16% used [0x0000000083e00000,0x0000000083ee9070,0x0000000084380000)
 Metaspace       used 7226K, capacity 8148K, committed 8448K, reserved 1056768K
  class space    used 885K, capacity 912K, committed 1024K, reserved 1048576K
Event: 0.397 GC heap after
Heap after GC invocations=5 (full 0):
 PSYoungGen      total 6656K, used 512K [0x00000000d6a00000, 0x00000000d7d00000, 0x0000000100000000)
  eden space 6144K, 0% used [0x00000000d6a00000,0x00000000d6a00000,0x00000000d7000000)
  from space 512K, 100% used [0x00000000d7000000,0x00000000d7080000,0x00000000d7080000)
  to   space 3584K, 0% used [0x00000000d7980000,0x00000000d7980000,0x00000000d7d00000)
 ParOldGen       total 5632K, used 4470K [0x0000000083e00000, 0x0000000084380000, 0x00000000d6a00000)
  object space 5632K, 79% used [0x0000000083e00000,0x000000008425da00,0x0000000084380000)
 Metaspace       used 7226K, capacity 8148K, committed 8448K, reserved 1056768K
  class space    used 885K, capacity 912K, committed 1024K, reserved 1048576K
}
Event: 0.397 GC heap before
{Heap before GC invocations=6 (full 1):
 PSYoungGen      total 6656K, used 512K [0x00000000d6a00000, 0x00000000d7d00000, 0x0000000100000000)
  eden space 6144K, 0% used [0x00000000d6a00000,0x00000000d6a00000,0x00000000d7000000)
  from space 512K, 100% used [0x00000000d7000000,0x00000000d7080000,0x00000000d7080000)
  to   space 3584K, 0% used [0x00000000d7980000,0x00000000d7980000,0x00000000d7d00000)
 ParOldGen       total 5632K, used 4470K [0x0000000083e00000, 0x0000000084380000, 0x00000000d6a00000)
  object space 5632K, 79% used [0x0000000083e00000,0x000000008425da00,0x0000000084380000)
 Metaspace       used 7226K, capacity 8148K, committed 8448K, reserved 1056768K
  class space    used 885K, capacity 912K, committed 1024K, reserved 1048576K
Event: 0.426 GC heap after
Heap after GC invocations=6 (full 1):
 PSYoungGen      total 6656K, used 0K [0x00000000d6a00000, 0x00000000d7d00000, 0x0000000100000000)
  eden space 6144K, 0% used [0x00000000d6a00000,0x00000000d6a00000,0x00000000d7000000)
  from space 512K, 0% used [0x00000000d7000000,0x00000000d7000000,0x00000000d7080000)
  to   space 3584K, 0% used [0x00000000d7980000,0x00000000d7980000,0x00000000d7d00000)
 ParOldGen       total 10752K, used 4765K [0x0000000083e00000, 0x0000000084880000, 0x00000000d6a00000)
  object space 10752K, 44% used [0x0000000083e00000,0x00000000842a75f8,0x0000000084880000)
 Metaspace       used 7226K, capacity 8148K, committed 8448K, reserved 1056768K
  class space    used 885K, capacity 912K, committed 1024K, reserved 1048576K
}
Event: 0.452 GC heap before
{Heap before GC invocations=7 (full 1):
 PSYoungGen      total 6656K, used 6144K [0x00000000d6a00000, 0x00000000d7d00000, 0x0000000100000000)
  eden space 6144K, 100% used [0x00000000d6a00000,0x00000000d7000000,0x00000000d7000000)
  from space 512K, 0% used [0x00000000d7000000,0x00000000d7000000,0x00000000d7080000)
  to   space 3584K, 0% used [0x00000000d7980000,0x00000000d7980000,0x00000000d7d00000)
 ParOldGen       total 10752K, used 4765K [0x0000000083e00000, 0x0000000084880000, 0x00000000d6a00000)
  object space 10752K, 44% used [0x0000000083e00000,0x00000000842a75f8,0x0000000084880000)
 Metaspace       used 7253K, capacity 8148K, committed 8448K, reserved 1056768K
  class space    used 885K, capacity 912K, committed 1024K, reserved 1048576K
Event: 0.454 GC heap after
Heap after GC invocations=7 (full 1):
 PSYoungGen      total 11776K, used 3583K [0x00000000d6a00000, 0x00000000d7d00000, 0x0000000100000000)
  eden space 8192K, 0% used [0x00000000d6a00000,0x00000000d6a00000,0x00000000d7200000)
  from space 3584K, 99% used [0x00000000d7980000,0x00000000d7cffd38,0x00000000d7d00000)
  to   space 4608K, 0% used [0x00000000d7400000,0x00000000d7400000,0x00000000d7880000)
 ParOldGen       total 10752K, used 5301K [0x0000000083e00000, 0x0000000084880000, 0x00000000d6a00000)
  object space 10752K, 49% used [0x0000000083e00000,0x000000008432d5f8,0x0000000084880000)
 Metaspace       used 7253K, capacity 8148K, committed 8448K, reserved 1056768K
  class space    used 885K, capacity 912K, committed 1024K, reserved 1048576K
}
Event: 0.515 GC heap before
{Heap before GC invocations=8 (full 1):
 PSYoungGen      total 11776K, used 11775K [0x00000000d6a00000, 0x00000000d7d00000, 0x0000000100000000)
  eden space 8192K, 100% used [0x00000000d6a00000,0x00000000d7200000,0x00000000d7200000)
  from space 3584K, 99% used [0x00000000d7980000,0x00000000d7cffd38,0x00000000d7d00000)
  to   space 4608K, 0% used [0x00000000d7400000,0x00000000d7400000,0x00000000d7880000)
 ParOldGen       total 10752K, used 5301K [0x0000000083e00000, 0x0000000084880000, 0x00000000d6a00000)
  object space 10752K, 49% used [0x0000000083e00000,0x000000008432d5f8,0x0000000084880000)
 Metaspace       used 7483K, capacity 8372K, committed 8704K, reserved 1056768K
  class space    used 900K, capacity 944K, committed 1024K, reserved 1048576K
Event: 0.518 GC heap after
Heap after GC invocations=8 (full 1):
 PSYoungGen      total 14848K, used 4577K [0x00000000d6a00000, 0x00000000d8000000, 0x0000000100000000)
  eden space 10240K, 0% used [0x00000000d6a00000,0x00000000d6a00000,0x00000000d7400000)
  from space 4608K, 99% used [0x00000000d7400000,0x00000000d78787b8,0x00000000d7880000)
  to   space 5632K, 0% used [0x00000000d7a80000,0x00000000d7a80000,0x00000000d8000000)
 ParOldGen       total 10752K, used 5365K [0x0000000083e00000, 0x0000000084880000, 0x00000000d6a00000)
  object space 10752K, 49% used [0x0000000083e00000,0x000000008433d5f8,0x0000000084880000)
 Metaspace       used 7483K, capacity 8372K, committed 8704K, reserved 1056768K
  class space    used 900K, capacity 944K, committed 1024K, reserved 1048576K
}
Event: 0.541 GC heap before
{Heap before GC invocations=9 (full 1):
 PSYoungGen      total 14848K, used 14817K [0x00000000d6a00000, 0x00000000d8000000, 0x0000000100000000)
  eden space 10240K, 100% used [0x00000000d6a00000,0x00000000d7400000,0x00000000d7400000)
  from space 4608K, 99% used [0x00000000d7400000,0x00000000d78787b8,0x00000000d7880000)
  to   space 5632K, 0% used [0x00000000d7a80000,0x00000000d7a80000,0x00000000d8000000)
 ParOldGen       total 10752K, used 5365K [0x0000000083e00000, 0x0000000084880000, 0x00000000d6a00000)
  object space 10752K, 49% used [0x0000000083e00000,0x000000008433d5f8,0x0000000084880000)
 Metaspace       used 7535K, capacity 8436K, committed 8704K, reserved 1056768K
  class space    used 904K, capacity 944K, committed 1024K, reserved 1048576K
Event: 0.544 GC heap after
Heap after GC invocations=9 (full 1):
 PSYoungGen      total 15872K, used 5617K [0x00000000d6a00000, 0x00000000d8000000, 0x0000000100000000)
  eden space 10240K, 0% used [0x00000000d6a00000,0x00000000d6a00000,0x00000000d7400000)
  from space 5632K, 99% used [0x00000000d7a80000,0x00000000d7ffc438,0x00000000d8000000)
  to   space 4608K, 0% used [0x00000000d7400000,0x00000000d7400000,0x00000000d7880000)
 ParOldGen       total 10752K, used 5421K [0x0000000083e00000, 0x0000000084880000, 0x00000000d6a00000)
  object space 10752K, 50% used [0x0000000083e00000,0x000000008434b5f8,0x0000000084880000)
 Metaspace       used 7535K, capacity 8436K, committed 8704K, reserved 1056768K
  class space    used 904K, capacity 944K, committed 1024K, reserved 1048576K
}

